# JRE version: Java(TM) SE Runtime Environment (8.0_121-b13) (build 1.8.0_121-b13)
# Java VM: Java HotSpot(TM) Client VM (25.121-b13 mixed mode windows-x86 )
Heap:
 def new generation   total 81216K, used 49862K [0x05600000, 0x0ae10000, 0x100a0000)
  eden space 72256K,  65% used [0x05600000, 0x0844e078, 0x09c90000)
  from space 8960K,  27% used [0x09c90000, 0x09ef37c8, 0x0a550000)
  to   space 8960K,   0% used [0x0a550000, 0x0a550000, 0x0ae10000)
 tenured generation   total 180196K, used 92792K [0x100a0000, 0x1b099000, 0x25600000)
   the space 180196K,  51% used [0x100a0000, 0x15b3e168, 0x15b3e200, 0x1b099000)
 Metaspace       used 19232K, capacity 19656K, committed 19840K, reserved 19840K
GC Heap History (10 events):
Event: 33025.055 GC heap before
{Heap before GC invocations=371 (full 18):
 def new generation   total 81216K, used 81216K [0x05600000, 0x0ae10000, 0x100a0000)
  eden space 72256K, 100% used [0x05600000, 0x09c90000, 0x09c90000)
  from space 8960K, 100% used [0x0a550000, 0x0ae10000, 0x0ae10000)
  to   space 8960K,   0% used [0x09c90000, 0x09c90000, 0x0a550000)
 tenured generation   total 180196K, used 161829K [0x100a0000, 0x1b099000, 0x25600000)
   the space 180196K,  89% used [0x100a0000, 0x19ea9708, 0x19ea9800, 0x1b099000)
 Metaspace       used 19231K, capacity 19656K, committed 19840K, reserved 19840K
Event: 33025.093 GC heap after
Heap after GC invocations=372 (full 18):
 def new generation   total 81216K, used 8673K [0x05600000, 0x0ae10000, 0x100a0000)
  eden space 72256K,   0% used [0x05600000, 0x05600000, 0x09c90000)
  from space 8960K,  96% used [0x09c90000, 0x0a508758, 0x0a550000)
  to   space 8960K,   0% used [0x0a550000, 0x0a550000, 0x0ae10000)
 tenured generation   total 180196K, used 170788K [0x100a0000, 0x1b099000, 0x25600000)
   the space 180196K,  94% used [0x100a0000, 0x1a769380, 0x1a769400, 0x1b099000)
 Metaspace       used 19231K, capacity 19656K, committed 19840K, reserved 19840K
}
Event: 33051.270 GC heap before
{Heap before GC invocations=372 (full 18):
 def new generation   total 81216K, used 80633K [0x05600000, 0x0ae10000, 0x100a0000)
  eden space 72256K,  99% used [0x05600000, 0x09c45e88, 0x09c90000)
  from space 8960K,  96% used [0x09c90000, 0x0a508758, 0x0a550000)
  to   space 8960K,   0% used [0x0a550000, 0x0a550000, 0x0ae10000)
 tenured generation   total 180196K, used 170788K [0x100a0000, 0x1b099000, 0x25600000)
   the space 180196K,  94% used [0x100a0000, 0x1a769380, 0x1a769400, 0x1b099000)
 Metaspace       used 19231K, capacity 19656K, committed 19840K, reserved 19840K
Event: 33051.282 GC heap after
Heap after GC invocations=373 (full 18):
 def new generation   total 81216K, used 1398K [0x05600000, 0x0ae10000, 0x100a0000)
  eden space 72256K,   0% used [0x05600000, 0x05600000, 0x09c90000)
  from space 8960K,  15% used [0x0a550000, 0x0a6adba8, 0x0ae10000)
  to   space 8960K,   0% used [0x09c90000, 0x09c90000, 0x0a550000)
 tenured generation   total 180196K, used 172153K [0x100a0000, 0x1b099000, 0x25600000)
   the space 180196K,  95% used [0x100a0000, 0x1a8be660, 0x1a8be800, 0x1b099000)
 Metaspace       used 19231K, capacity 19656K, committed 19840K, reserved 19840K
}
Event: 33072.459 GC heap before
{Heap before GC invocations=373 (full 18):
 def new generation   total 81216K, used 73654K [0x05600000, 0x0ae10000, 0x100a0000)
  eden space 72256K, 100% used [0x05600000, 0x09c90000, 0x09c90000)
  from space 8960K,  15% used [0x0a550000, 0x0a6adba8, 0x0ae10000)
  to   space 8960K,   0% used [0x09c90000, 0x09c90000, 0x0a550000)
 tenured generation   total 180196K, used 172153K [0x100a0000, 0x1b099000, 0x25600000)
   the space 180196K,  95% used [0x100a0000, 0x1a8be660, 0x1a8be800, 0x1b099000)
 Metaspace       used 19231K, capacity 19656K, committed 19840K, reserved 19840K
Event: 33072.487 GC heap after
Heap after GC invocations=374 (full 18):
 def new generation   total 81216K, used 8960K [0x05600000, 0x0ae10000, 0x100a0000)
  eden space 72256K,   0% used [0x05600000, 0x05600000, 0x09c90000)
  from space 8960K, 100% used [0x09c90000, 0x0a550000, 0x0a550000)
  to   space 8960K,   0% used [0x0a550000, 0x0a550000, 0x0ae10000)
 tenured generation   total 180196K, used 173093K [0x100a0000, 0x1b099000, 0x25600000)
   the space 180196K,  96% used [0x100a0000, 0x1a9a9538, 0x1a9a9600, 0x1b099000)
 Metaspace       used 19231K, capacity 19656K, committed 19840K, reserved 19840K
}
Event: 33093.008 GC heap before
{Heap before GC invocations=374 (full 18):
 def new generation   total 81216K, used 81216K [0x05600000, 0x0ae10000, 0x100a0000)
  eden space 72256K, 100% used [0x05600000, 0x09c90000, 0x09c90000)
  from space 8960K, 100% used [0x09c90000, 0x0a550000, 0x0a550000)
  to   space 8960K,   0% used [0x0a550000, 0x0a550000, 0x0ae10000)
 tenured generation   total 180196K, used 173093K [0x100a0000, 0x1b099000, 0x25600000)
   the space 180196K,  96% used [0x100a0000, 0x1a9a9538, 0x1a9a9600, 0x1b099000)
 Metaspace       used 19231K, capacity 19656K, committed 19840K, reserved 19840K
Event: 33093.191 GC heap after
Heap after GC invocations=375 (full 19):
 def new generation   total 81216K, used 0K [0x05600000, 0x0ae10000, 0x100a0000)
  eden space 72256K,   0% used [0x05600000, 0x05600000, 0x09c90000)
  from space 8960K,   0% used [0x0a550000, 0x0a550000, 0x0ae10000)
  to   space 8960K,   0% used [0x09c90000, 0x09c90000, 0x0a550000)
 tenured generation   total 180196K, used 92792K [0x100a0000, 0x1b099000, 0x25600000)
   the space 180196K,  51% used [0x100a0000, 0x15b3e168, 0x15b3e200, 0x1b099000)
 Metaspace       used 19231K, capacity 19656K, committed 19840K, reserved 19840K
}
Event: 43921.987 GC heap before
{Heap before GC invocations=375 (full 19):
 def new generation   total 81216K, used 72256K [0x05600000, 0x0ae10000, 0x100a0000)
  eden space 72256K, 100% used [0x05600000, 0x09c90000, 0x09c90000)
  from space 8960K,   0% used [0x0a550000, 0x0a550000, 0x0ae10000)
  to   space 8960K,   0% used [0x09c90000, 0x09c90000, 0x0a550000)
 tenured generation   total 180196K, used 92792K [0x100a0000, 0x1b099000, 0x25600000)
   the space 180196K,  51% used [0x100a0000, 0x15b3e168, 0x15b3e200, 0x1b099000)
 Metaspace       used 19231K, capacity 19656K, committed 19840K, reserved 19840K
Event: 43922.017 GC heap after
Heap after GC invocations=376 (full 19):
 def new generation   total 81216K, used 2445K [0x05600000, 0x0ae10000, 0x100a0000)
  eden space 72256K,   0% used [0x05600000, 0x05600000, 0x09c90000)
  from space 8960K,  27% used [0x09c90000, 0x09ef37c8, 0x0a550000)
  to   space 8960K,   0% used [0x0a550000, 0x0a550000, 0x0ae10000)
 tenured generation   total 180196K, used 92792K [0x100a0000, 0x1b099000, 0x25600000)
   the space 180196K,  51% used [0x100a0000, 0x15b3e168, 0x15b3e200, 0x1b099000)
 Metaspace       used 19231K, capacity 19656K, committed 19840K, reserved 19840K
}

