# JRE version: Java(TM) SE Runtime Environment (8.0_121-b13) (build 1.8.0_121-b13)
# Java VM: Java HotSpot(TM) Client VM (25.121-b13 mixed mode windows-x86 )
Heap:
 def new generation   total 157248K, used 141371K [0x04a00000, 0x0f4a0000, 0x0f4a0000)
  eden space 139776K,  95% used [0x04a00000, 0x0cc5c4b8, 0x0d280000)
  from space 17472K,  45% used [0x0d280000, 0x0da32a10, 0x0e390000)
  to   space 17472K,   0% used [0x0e390000, 0x0e390000, 0x0f4a0000)
 tenured generation   total 349568K, used 349567K [0x0f4a0000, 0x24a00000, 0x24a00000)
   the space 349568K,  99% used [0x0f4a0000, 0x249ffff8, 0x24a00000, 0x24a00000)
 Metaspace       used 19265K, capacity 19716K, committed 19840K, reserved 19840K
GC Heap History (10 events):
Event: 19458.983 GC heap before
{Heap before GC invocations=175 (full 141):
 def new generation   total 157248K, used 157247K [0x04a00000, 0x0f4a0000, 0x0f4a0000)
  eden space 139776K, 100% used [0x04a00000, 0x0d280000, 0x0d280000)
  from space 17472K,  99% used [0x0d280000, 0x0e38ffe0, 0x0e390000)
  to   space 17472K,   0% used [0x0e390000, 0x0e390000, 0x0f4a0000)
 tenured generation   total 349568K, used 349567K [0x0f4a0000, 0x24a00000, 0x24a00000)
   the space 349568K,  99% used [0x0f4a0000, 0x249ffff8, 0x24a00000, 0x24a00000)
 Metaspace       used 19266K, capacity 19718K, committed 19840K, reserved 19840K
Event: 19459.573 GC heap after
Heap after GC invocations=176 (full 142):
 def new generation   total 157248K, used 84919K [0x04a00000, 0x0f4a0000, 0x0f4a0000)
  eden space 139776K,  60% used [0x04a00000, 0x09cedcd8, 0x0d280000)
  from space 17472K,   0% used [0x0d280000, 0x0d280000, 0x0e390000)
  to   space 17472K,   0% used [0x0e390000, 0x0e390000, 0x0f4a0000)
 tenured generation   total 349568K, used 349567K [0x0f4a0000, 0x24a00000, 0x24a00000)
   the space 349568K,  99% used [0x0f4a0000, 0x249ffff8, 0x24a00000, 0x24a00000)
 Metaspace       used 19266K, capacity 19718K, committed 19840K, reserved 19840K
}
Event: 19550.425 GC heap before
{Heap before GC invocations=176 (full 142):
 def new generation   total 157248K, used 157247K [0x04a00000, 0x0f4a0000, 0x0f4a0000)
  eden space 139776K, 100% used [0x04a00000, 0x0d280000, 0x0d280000)
  from space 17472K,  99% used [0x0d280000, 0x0e38fff0, 0x0e390000)
  to   space 17472K,   0% used [0x0e390000, 0x0e390000, 0x0f4a0000)
 tenured generation   total 349568K, used 349567K [0x0f4a0000, 0x24a00000, 0x24a00000)
   the space 349568K,  99% used [0x0f4a0000, 0x249ffff8, 0x24a00000, 0x24a00000)
 Metaspace       used 19266K, capacity 19718K, committed 19840K, reserved 19840K
Event: 19550.983 GC heap after
Heap after GC invocations=177 (full 143):
 def new generation   total 157248K, used 86563K [0x04a00000, 0x0f4a0000, 0x0f4a0000)
  eden space 139776K,  61% used [0x04a00000, 0x09e88c38, 0x0d280000)
  from space 17472K,   0% used [0x0d280000, 0x0d280000, 0x0e390000)
  to   space 17472K,   0% used [0x0e390000, 0x0e390000, 0x0f4a0000)
 tenured generation   total 349568K, used 349567K [0x0f4a0000, 0x24a00000, 0x24a00000)
   the space 349568K,  99% used [0x0f4a0000, 0x249ffff8, 0x24a00000, 0x24a00000)
 Metaspace       used 19264K, capacity 19716K, committed 19840K, reserved 19840K
}
Event: 19610.516 GC heap before
{Heap before GC invocations=177 (full 143):
 def new generation   total 157248K, used 157248K [0x04a00000, 0x0f4a0000, 0x0f4a0000)
  eden space 139776K, 100% used [0x04a00000, 0x0d280000, 0x0d280000)
  from space 17472K, 100% used [0x0d280000, 0x0e390000, 0x0e390000)
  to   space 17472K,   0% used [0x0e390000, 0x0e390000, 0x0f4a0000)
 tenured generation   total 349568K, used 349567K [0x0f4a0000, 0x24a00000, 0x24a00000)
   the space 349568K,  99% used [0x0f4a0000, 0x249ffff8, 0x24a00000, 0x24a00000)
 Metaspace       used 19266K, capacity 19718K, committed 19840K, reserved 19840K
Event: 19611.268 GC heap after
Heap after GC invocations=178 (full 144):
 def new generation   total 157248K, used 104021K [0x04a00000, 0x0f4a0000, 0x0f4a0000)
  eden space 139776K,  74% used [0x04a00000, 0x0af954d0, 0x0d280000)
  from space 17472K,   0% used [0x0d280000, 0x0d280000, 0x0e390000)
  to   space 17472K,   0% used [0x0e390000, 0x0e390000, 0x0f4a0000)
 tenured generation   total 349568K, used 349567K [0x0f4a0000, 0x24a00000, 0x24a00000)
   the space 349568K,  99% used [0x0f4a0000, 0x249fffe8, 0x24a00000, 0x24a00000)
 Metaspace       used 19266K, capacity 19718K, committed 19840K, reserved 19840K
}
Event: 19660.113 GC heap before
{Heap before GC invocations=178 (full 144):
 def new generation   total 157248K, used 157248K [0x04a00000, 0x0f4a0000, 0x0f4a0000)
  eden space 139776K, 100% used [0x04a00000, 0x0d280000, 0x0d280000)
  from space 17472K, 100% used [0x0d280000, 0x0e390000, 0x0e390000)
  to   space 17472K,   0% used [0x0e390000, 0x0e390000, 0x0f4a0000)
 tenured generation   total 349568K, used 349567K [0x0f4a0000, 0x24a00000, 0x24a00000)
   the space 349568K,  99% used [0x0f4a0000, 0x249fffe8, 0x24a00000, 0x24a00000)
 Metaspace       used 19266K, capacity 19718K, committed 19840K, reserved 19840K
Event: 19660.705 GC heap after
Heap after GC invocations=179 (full 145):
 def new generation   total 157248K, used 84897K [0x04a00000, 0x0f4a0000, 0x0f4a0000)
  eden space 139776K,  60% used [0x04a00000, 0x09ce8758, 0x0d280000)
  from space 17472K,   0% used [0x0d280000, 0x0d280000, 0x0e390000)
  to   space 17472K,   0% used [0x0e390000, 0x0e390000, 0x0f4a0000)
 tenured generation   total 349568K, used 349567K [0x0f4a0000, 0x24a00000, 0x24a00000)
   the space 349568K,  99% used [0x0f4a0000, 0x249fffe8, 0x24a00000, 0x24a00000)
 Metaspace       used 19264K, capacity 19716K, committed 19840K, reserved 19840K
}
Event: 19756.293 GC heap before
{Heap before GC invocations=179 (full 145):
 def new generation   total 157248K, used 157247K [0x04a00000, 0x0f4a0000, 0x0f4a0000)
  eden space 139776K, 100% used [0x04a00000, 0x0d280000, 0x0d280000)
  from space 17472K,  99% used [0x0d280000, 0x0e38fff8, 0x0e390000)
  to   space 17472K,   0% used [0x0e390000, 0x0e390000, 0x0f4a0000)
 tenured generation   total 349568K, used 349567K [0x0f4a0000, 0x24a00000, 0x24a00000)
   the space 349568K,  99% used [0x0f4a0000, 0x249ffff8, 0x24a00000, 0x24a00000)
 Metaspace       used 19264K, capacity 19716K, committed 19840K, reserved 19840K
Event: 19756.863 GC heap after
Heap after GC invocations=180 (full 146):
 def new generation   total 157248K, used 84869K [0x04a00000, 0x0f4a0000, 0x0f4a0000)
  eden space 139776K,  60% used [0x04a00000, 0x09ce1788, 0x0d280000)
  from space 17472K,   0% used [0x0d280000, 0x0d280000, 0x0e390000)
  to   space 17472K,   0% used [0x0e390000, 0x0e390000, 0x0f4a0000)
 tenured generation   total 349568K, used 349567K [0x0f4a0000, 0x24a00000, 0x24a00000)
   the space 349568K,  99% used [0x0f4a0000, 0x249ffff8, 0x24a00000, 0x24a00000)
 Metaspace       used 19264K, capacity 19716K, committed 19840K, reserved 19840K
}

