# JRE version: Java(TM) SE Runtime Environment (8.0_121-b13) (build 1.8.0_121-b13)
# Java VM: Java HotSpot(TM) Client VM (25.121-b13 mixed mode windows-x86 )
Heap:
 def new generation   total 49984K, used 45150K [0x04800000, 0x07e30000, 0x0f2a0000)
  eden space 44480K,  98% used [0x04800000, 0x072bd940, 0x07370000)
  from space 5504K,  25% used [0x078d0000, 0x07a29f48, 0x07e30000)
  to   space 5504K,   0% used [0x07370000, 0x07370000, 0x078d0000)
 tenured generation   total 110824K, used 76128K [0x0f2a0000, 0x15eda000, 0x24800000)
   the space 110824K,  68% used [0x0f2a0000, 0x13cf8118, 0x13cf8200, 0x15eda000)
 Metaspace       used 19208K, capacity 19649K, committed 19840K, reserved 19840K
GC Heap History (10 events):
Event: 10816.887 GC heap before
{Heap before GC invocations=110 (full 2):
 def new generation   total 49984K, used 46229K [0x04800000, 0x07e30000, 0x0f2a0000)
  eden space 44480K, 100% used [0x04800000, 0x07370000, 0x07370000)
  from space 5504K,  31% used [0x07370000, 0x07525720, 0x078d0000)
  to   space 5504K,   0% used [0x078d0000, 0x078d0000, 0x07e30000)
 tenured generation   total 110824K, used 75950K [0x0f2a0000, 0x15eda000, 0x24800000)
   the space 110824K,  68% used [0x0f2a0000, 0x13ccbb10, 0x13ccbc00, 0x15eda000)
 Metaspace       used 19208K, capacity 19649K, committed 19840K, reserved 19840K
Event: 10816.895 GC heap after
Heap after GC invocations=111 (full 2):
 def new generation   total 49984K, used 1475K [0x04800000, 0x07e30000, 0x0f2a0000)
  eden space 44480K,   0% used [0x04800000, 0x04800000, 0x07370000)
  from space 5504K,  26% used [0x078d0000, 0x07a40d58, 0x07e30000)
  to   space 5504K,   0% used [0x07370000, 0x07370000, 0x078d0000)
 tenured generation   total 110824K, used 75986K [0x0f2a0000, 0x15eda000, 0x24800000)
   the space 110824K,  68% used [0x0f2a0000, 0x13cd48a0, 0x13cd4a00, 0x15eda000)
 Metaspace       used 19208K, capacity 19649K, committed 19840K, reserved 19840K
}
Event: 10896.084 GC heap before
{Heap before GC invocations=111 (full 2):
 def new generation   total 49984K, used 45955K [0x04800000, 0x07e30000, 0x0f2a0000)
  eden space 44480K, 100% used [0x04800000, 0x07370000, 0x07370000)
  from space 5504K,  26% used [0x078d0000, 0x07a40d58, 0x07e30000)
  to   space 5504K,   0% used [0x07370000, 0x07370000, 0x078d0000)
 tenured generation   total 110824K, used 75986K [0x0f2a0000, 0x15eda000, 0x24800000)
   the space 110824K,  68% used [0x0f2a0000, 0x13cd48a0, 0x13cd4a00, 0x15eda000)
 Metaspace       used 19208K, capacity 19649K, committed 19840K, reserved 19840K
Event: 10896.087 GC heap after
Heap after GC invocations=112 (full 2):
 def new generation   total 49984K, used 1490K [0x04800000, 0x07e30000, 0x0f2a0000)
  eden space 44480K,   0% used [0x04800000, 0x04800000, 0x07370000)
  from space 5504K,  27% used [0x07370000, 0x074e4b20, 0x078d0000)
  to   space 5504K,   0% used [0x078d0000, 0x078d0000, 0x07e30000)
 tenured generation   total 110824K, used 76021K [0x0f2a0000, 0x15eda000, 0x24800000)
   the space 110824K,  68% used [0x0f2a0000, 0x13cdd540, 0x13cdd600, 0x15eda000)
 Metaspace       used 19208K, capacity 19649K, committed 19840K, reserved 19840K
}
Event: 10899.286 GC heap before
{Heap before GC invocations=112 (full 2):
 def new generation   total 49984K, used 45970K [0x04800000, 0x07e30000, 0x0f2a0000)
  eden space 44480K, 100% used [0x04800000, 0x07370000, 0x07370000)
  from space 5504K,  27% used [0x07370000, 0x074e4b20, 0x078d0000)
  to   space 5504K,   0% used [0x078d0000, 0x078d0000, 0x07e30000)
 tenured generation   total 110824K, used 76021K [0x0f2a0000, 0x15eda000, 0x24800000)
   the space 110824K,  68% used [0x0f2a0000, 0x13cdd540, 0x13cdd600, 0x15eda000)
 Metaspace       used 19208K, capacity 19649K, committed 19840K, reserved 19840K
Event: 10899.289 GC heap after
Heap after GC invocations=113 (full 2):
 def new generation   total 49984K, used 1455K [0x04800000, 0x07e30000, 0x0f2a0000)
  eden space 44480K,   0% used [0x04800000, 0x04800000, 0x07370000)
  from space 5504K,  26% used [0x078d0000, 0x07a3bf38, 0x07e30000)
  to   space 5504K,   0% used [0x07370000, 0x07370000, 0x078d0000)
 tenured generation   total 110824K, used 76056K [0x0f2a0000, 0x15eda000, 0x24800000)
   the space 110824K,  68% used [0x0f2a0000, 0x13ce6138, 0x13ce6200, 0x15eda000)
 Metaspace       used 19208K, capacity 19649K, committed 19840K, reserved 19840K
}
Event: 10902.343 GC heap before
{Heap before GC invocations=113 (full 2):
 def new generation   total 49984K, used 45935K [0x04800000, 0x07e30000, 0x0f2a0000)
  eden space 44480K, 100% used [0x04800000, 0x07370000, 0x07370000)
  from space 5504K,  26% used [0x078d0000, 0x07a3bf38, 0x07e30000)
  to   space 5504K,   0% used [0x07370000, 0x07370000, 0x078d0000)
 tenured generation   total 110824K, used 76056K [0x0f2a0000, 0x15eda000, 0x24800000)
   the space 110824K,  68% used [0x0f2a0000, 0x13ce6138, 0x13ce6200, 0x15eda000)
 Metaspace       used 19208K, capacity 19649K, committed 19840K, reserved 19840K
Event: 10902.346 GC heap after
Heap after GC invocations=114 (full 2):
 def new generation   total 49984K, used 1420K [0x04800000, 0x07e30000, 0x0f2a0000)
  eden space 44480K,   0% used [0x04800000, 0x04800000, 0x07370000)
  from space 5504K,  25% used [0x07370000, 0x074d3098, 0x078d0000)
  to   space 5504K,   0% used [0x078d0000, 0x078d0000, 0x07e30000)
 tenured generation   total 110824K, used 76091K [0x0f2a0000, 0x15eda000, 0x24800000)
   the space 110824K,  68% used [0x0f2a0000, 0x13ceefc8, 0x13cef000, 0x15eda000)
 Metaspace       used 19208K, capacity 19649K, committed 19840K, reserved 19840K
}
Event: 10905.348 GC heap before
{Heap before GC invocations=114 (full 2):
 def new generation   total 49984K, used 45900K [0x04800000, 0x07e30000, 0x0f2a0000)
  eden space 44480K, 100% used [0x04800000, 0x07370000, 0x07370000)
  from space 5504K,  25% used [0x07370000, 0x074d3098, 0x078d0000)
  to   space 5504K,   0% used [0x078d0000, 0x078d0000, 0x07e30000)
 tenured generation   total 110824K, used 76091K [0x0f2a0000, 0x15eda000, 0x24800000)
   the space 110824K,  68% used [0x0f2a0000, 0x13ceefc8, 0x13cef000, 0x15eda000)
 Metaspace       used 19208K, capacity 19649K, committed 19840K, reserved 19840K
Event: 10905.351 GC heap after
Heap after GC invocations=115 (full 2):
 def new generation   total 49984K, used 1383K [0x04800000, 0x07e30000, 0x0f2a0000)
  eden space 44480K,   0% used [0x04800000, 0x04800000, 0x07370000)
  from space 5504K,  25% used [0x078d0000, 0x07a29f48, 0x07e30000)
  to   space 5504K,   0% used [0x07370000, 0x07370000, 0x078d0000)
 tenured generation   total 110824K, used 76128K [0x0f2a0000, 0x15eda000, 0x24800000)
   the space 110824K,  68% used [0x0f2a0000, 0x13cf8118, 0x13cf8200, 0x15eda000)
 Metaspace       used 19208K, capacity 19649K, committed 19840K, reserved 19840K
}

